# JRE version: Java(TM) SE Runtime Environment (8.0_05-b13) (build 1.8.0_05-b13)
# Java VM: Java HotSpot(TM) 64-Bit Server VM (25.5-b02 mixed mode windows-amd64 compressed oops)
Heap:
 PSYoungGen      total 8704K, used 1795K [0x00000000d6980000, 0x00000000d7400000, 0x0000000100000000)
  eden space 6656K, 12% used [0x00000000d6980000,0x00000000d6a53a10,0x00000000d7000000)
  from space 2048K, 46% used [0x00000000d7200000,0x00000000d72ed330,0x00000000d7400000)
  to   space 2048K, 0% used [0x00000000d7000000,0x00000000d7000000,0x00000000d7200000)
 ParOldGen       total 127488K, used 2600K [0x0000000083c00000, 0x000000008b880000, 0x00000000d6980000)
  object space 127488K, 2% used [0x0000000083c00000,0x0000000083e8a3d8,0x000000008b880000)
 Metaspace       used 9761K, capacity 9918K, committed 9984K, reserved 1058816K
  class space    used 1182K, capacity 1241K, committed 1280K, reserved 1048576K
GC Heap History (10 events):
Event: 0.437 GC heap before
{Heap before GC invocations=6 (full 0):
 PSYoungGen      total 1536K, used 1520K [0x00000000d6980000, 0x00000000d6d80000, 0x0000000100000000)
  eden space 1024K, 100% used [0x00000000d6980000,0x00000000d6a80000,0x00000000d6a80000)
  from space 512K, 96% used [0x00000000d6a80000,0x00000000d6afc010,0x00000000d6b00000)
  to   space 1024K, 0% used [0x00000000d6c80000,0x00000000d6c80000,0x00000000d6d80000)
 ParOldGen       total 127488K, used 840K [0x0000000083c00000, 0x000000008b880000, 0x00000000d6980000)
  object space 127488K, 0% used [0x0000000083c00000,0x0000000083cd2030,0x000000008b880000)
 Metaspace       used 8501K, capacity 8664K, committed 8832K, reserved 1056768K
  class space    used 1033K, capacity 1080K, committed 1152K, reserved 1048576K
Event: 0.440 GC heap after
Heap after GC invocations=6 (full 0):
 PSYoungGen      total 3072K, used 772K [0x00000000d6980000, 0x00000000d6d80000, 0x0000000100000000)
  eden space 2048K, 0% used [0x00000000d6980000,0x00000000d6980000,0x00000000d6b80000)
  from space 1024K, 75% used [0x00000000d6c80000,0x00000000d6d41320,0x00000000d6d80000)
  to   space 1024K, 0% used [0x00000000d6b80000,0x00000000d6b80000,0x00000000d6c80000)
 ParOldGen       total 127488K, used 848K [0x0000000083c00000, 0x000000008b880000, 0x00000000d6980000)
  object space 127488K, 0% used [0x0000000083c00000,0x0000000083cd4030,0x000000008b880000)
 Metaspace       used 8501K, capacity 8664K, committed 8832K, reserved 1056768K
  class space    used 1033K, capacity 1080K, committed 1152K, reserved 1048576K
}
Event: 0.546 GC heap before
{Heap before GC invocations=7 (full 0):
 PSYoungGen      total 3072K, used 2820K [0x00000000d6980000, 0x00000000d6d80000, 0x0000000100000000)
  eden space 2048K, 100% used [0x00000000d6980000,0x00000000d6b80000,0x00000000d6b80000)
  from space 1024K, 75% used [0x00000000d6c80000,0x00000000d6d41320,0x00000000d6d80000)
  to   space 1024K, 0% used [0x00000000d6b80000,0x00000000d6b80000,0x00000000d6c80000)
 ParOldGen       total 127488K, used 848K [0x0000000083c00000, 0x000000008b880000, 0x00000000d6980000)
  object space 127488K, 0% used [0x0000000083c00000,0x0000000083cd4030,0x000000008b880000)
 Metaspace       used 9323K, capacity 9470K, committed 9728K, reserved 1058816K
  class space    used 1137K, capacity 1177K, committed 1280K, reserved 1048576K
Event: 0.551 GC heap after
Heap after GC invocations=7 (full 0):
 PSYoungGen      total 3072K, used 1008K [0x00000000d6980000, 0x00000000d7080000, 0x0000000100000000)
  eden space 2048K, 0% used [0x00000000d6980000,0x00000000d6980000,0x00000000d6b80000)
  from space 1024K, 98% used [0x00000000d6b80000,0x00000000d6c7c330,0x00000000d6c80000)
  to   space 1536K, 0% used [0x00000000d6f00000,0x00000000d6f00000,0x00000000d7080000)
 ParOldGen       total 127488K, used 1264K [0x0000000083c00000, 0x000000008b880000, 0x00000000d6980000)
  object space 127488K, 0% used [0x0000000083c00000,0x0000000083d3c060,0x000000008b880000)
 Metaspace       used 9323K, capacity 9470K, committed 9728K, reserved 1058816K
  class space    used 1137K, capacity 1177K, committed 1280K, reserved 1048576K
}
Event: 0.625 GC heap before
{Heap before GC invocations=8 (full 0):
 PSYoungGen      total 3072K, used 3056K [0x00000000d6980000, 0x00000000d7080000, 0x0000000100000000)
  eden space 2048K, 100% used [0x00000000d6980000,0x00000000d6b80000,0x00000000d6b80000)
  from space 1024K, 98% used [0x00000000d6b80000,0x00000000d6c7c330,0x00000000d6c80000)
  to   space 1536K, 0% used [0x00000000d6f00000,0x00000000d6f00000,0x00000000d7080000)
 ParOldGen       total 127488K, used 1264K [0x0000000083c00000, 0x000000008b880000, 0x00000000d6980000)
  object space 127488K, 0% used [0x0000000083c00000,0x0000000083d3c060,0x000000008b880000)
 Metaspace       used 9387K, capacity 9534K, committed 9728K, reserved 1058816K
  class space    used 1138K, capacity 1177K, committed 1280K, reserved 1048576K
Event: 0.627 GC heap after
Heap after GC invocations=8 (full 0):
 PSYoungGen      total 5632K, used 1296K [0x00000000d6980000, 0x00000000d7080000, 0x0000000100000000)
  eden space 4096K, 0% used [0x00000000d6980000,0x00000000d6980000,0x00000000d6d80000)
  from space 1536K, 84% used [0x00000000d6f00000,0x00000000d7044330,0x00000000d7080000)
  to   space 1536K, 0% used [0x00000000d6d80000,0x00000000d6d80000,0x00000000d6f00000)
 ParOldGen       total 127488K, used 1420K [0x0000000083c00000, 0x000000008b880000, 0x00000000d6980000)
  object space 127488K, 1% used [0x0000000083c00000,0x0000000083d63388,0x000000008b880000)
 Metaspace       used 9387K, capacity 9534K, committed 9728K, reserved 1058816K
  class space    used 1138K, capacity 1177K, committed 1280K, reserved 1048576K
}
Event: 0.696 GC heap before
{Heap before GC invocations=9 (full 0):
 PSYoungGen      total 5632K, used 5392K [0x00000000d6980000, 0x00000000d7080000, 0x0000000100000000)
  eden space 4096K, 99% used [0x00000000d6980000,0x00000000d6d7fe78,0x00000000d6d80000)
  from space 1536K, 84% used [0x00000000d6f00000,0x00000000d7044330,0x00000000d7080000)
  to   space 1536K, 0% used [0x00000000d6d80000,0x00000000d6d80000,0x00000000d6f00000)
 ParOldGen       total 127488K, used 1420K [0x0000000083c00000, 0x000000008b880000, 0x00000000d6980000)
  object space 127488K, 1% used [0x0000000083c00000,0x0000000083d63388,0x000000008b880000)
 Metaspace       used 9435K, capacity 9534K, committed 9728K, reserved 1058816K
  class space    used 1140K, capacity 1177K, committed 1280K, reserved 1048576K
Event: 0.698 GC heap after
Heap after GC invocations=9 (full 0):
 PSYoungGen      total 5632K, used 1484K [0x00000000d6980000, 0x00000000d7400000, 0x0000000100000000)
  eden space 4096K, 0% used [0x00000000d6980000,0x00000000d6980000,0x00000000d6d80000)
  from space 1536K, 96% used [0x00000000d6d80000,0x00000000d6ef3010,0x00000000d6f00000)
  to   space 2048K, 0% used [0x00000000d7200000,0x00000000d7200000,0x00000000d7400000)
 ParOldGen       total 127488K, used 1733K [0x0000000083c00000, 0x000000008b880000, 0x00000000d6980000)
  object space 127488K, 1% used [0x0000000083c00000,0x0000000083db1768,0x000000008b880000)
 Metaspace       used 9435K, capacity 9534K, committed 9728K, reserved 1058816K
  class space    used 1140K, capacity 1177K, committed 1280K, reserved 1048576K
}
Event: 2.574 GC heap before
{Heap before GC invocations=10 (full 0):
 PSYoungGen      total 5632K, used 5580K [0x00000000d6980000, 0x00000000d7400000, 0x0000000100000000)
  eden space 4096K, 100% used [0x00000000d6980000,0x00000000d6d80000,0x00000000d6d80000)
  from space 1536K, 96% used [0x00000000d6d80000,0x00000000d6ef3010,0x00000000d6f00000)
  to   space 2048K, 0% used [0x00000000d7200000,0x00000000d7200000,0x00000000d7400000)
 ParOldGen       total 127488K, used 1733K [0x0000000083c00000, 0x000000008b880000, 0x00000000d6980000)
  object space 127488K, 1% used [0x0000000083c00000,0x0000000083db1768,0x000000008b880000)
 Metaspace       used 9727K, capacity 9854K, committed 9984K, reserved 1058816K
  class space    used 1180K, capacity 1241K, committed 1280K, reserved 1048576K
Event: 2.576 GC heap after
Heap after GC invocations=10 (full 0):
 PSYoungGen      total 8704K, used 948K [0x00000000d6980000, 0x00000000d7400000, 0x0000000100000000)
  eden space 6656K, 0% used [0x00000000d6980000,0x00000000d6980000,0x00000000d7000000)
  from space 2048K, 46% used [0x00000000d7200000,0x00000000d72ed330,0x00000000d7400000)
  to   space 2048K, 0% used [0x00000000d7000000,0x00000000d7000000,0x00000000d7200000)
 ParOldGen       total 127488K, used 2600K [0x0000000083c00000, 0x000000008b880000, 0x00000000d6980000)
  object space 127488K, 2% used [0x0000000083c00000,0x0000000083e8a3d8,0x000000008b880000)
 Metaspace       used 9727K, capacity 9854K, committed 9984K, reserved 1058816K
  class space    used 1180K, capacity 1241K, committed 1280K, reserved 1048576K
}

